<?xml version="1.0" encoding="UTF-8"?>
<!-- Generated by org.testng.reporters.JUnitXMLReporter -->
<testsuite ignored="0" hostname="DESKTOP-3FKESNU" failures="0" tests="7" name="Default test" time="45.157" errors="0" timestamp="2023-06-13T16:49:29 IST">
  <testcase classname="businesscomponents.NewTest" name="loginSwagLabs" time="2.056"/>
  <testcase classname="businesscomponents.NewTest" name="sortPriceLowToHigh" time="1.874"/>
  <testcase classname="businesscomponents.NewTest" name="addAllItemsToCart" time="0.851"/>
  <testcase classname="businesscomponents.NewTest" name="gotoCart" time="0.124"/>
  <testcase classname="businesscomponents.NewTest" name="removeItems" time="1.15"/>
  <testcase classname="businesscomponents.NewTest" name="confirmOrder" time="5.979"/>
  <testcase classname="businesscomponents.NewTest" name="logoutFromSauceDemo" time="2.65"/>
</testsuite> <!-- Default test -->
