<?xml version="1.0" encoding="UTF-8"?>
<testng-results ignored="0" total="7" passed="7" failed="0" skipped="0">
  <reporter-output>
  </reporter-output>
  <suite started-at="2023-06-13T16:48:44 IST" name="Default suite" finished-at="2023-06-13T16:49:29 IST" duration-ms="45157">
    <groups>
    </groups>
    <test started-at="2023-06-13T16:48:44 IST" name="Default test" finished-at="2023-06-13T16:49:29 IST" duration-ms="45157">
      <class name="businesscomponents.NewTest">
        <test-method is-config="true" signature="setUp()[pri:0, instance:businesscomponents.NewTest@6bd61f98]" started-at="2023-06-13T16:48:44 IST" name="setUp" finished-at="2023-06-13T16:49:13 IST" duration-ms="29036" status="PASS">
          <reporter-output>
          </reporter-output>
        </test-method> <!-- setUp -->
        <test-method signature="loginSwagLabs()[pri:0, instance:businesscomponents.NewTest@6bd61f98]" started-at="2023-06-13T16:49:13 IST" name="loginSwagLabs" finished-at="2023-06-13T16:49:15 IST" duration-ms="2056" status="PASS">
          <reporter-output>
          </reporter-output>
        </test-method> <!-- loginSwagLabs -->
        <test-method signature="sortPriceLowToHigh()[pri:0, instance:businesscomponents.NewTest@6bd61f98]" started-at="2023-06-13T16:49:15 IST" name="sortPriceLowToHigh" finished-at="2023-06-13T16:49:17 IST" depends-on-methods="businesscomponents.NewTest.loginSwagLabs" duration-ms="1874" status="PASS">
          <reporter-output>
          </reporter-output>
        </test-method> <!-- sortPriceLowToHigh -->
        <test-method signature="addAllItemsToCart()[pri:0, instance:businesscomponents.NewTest@6bd61f98]" started-at="2023-06-13T16:49:17 IST" name="addAllItemsToCart" finished-at="2023-06-13T16:49:18 IST" depends-on-methods="businesscomponents.NewTest.sortPriceLowToHigh" duration-ms="851" status="PASS">
          <reporter-output>
          </reporter-output>
        </test-method> <!-- addAllItemsToCart -->
        <test-method signature="gotoCart()[pri:0, instance:businesscomponents.NewTest@6bd61f98]" started-at="2023-06-13T16:49:18 IST" name="gotoCart" finished-at="2023-06-13T16:49:18 IST" depends-on-methods="businesscomponents.NewTest.addAllItemsToCart" duration-ms="124" status="PASS">
          <reporter-output>
          </reporter-output>
        </test-method> <!-- gotoCart -->
        <test-method signature="removeItems()[pri:0, instance:businesscomponents.NewTest@6bd61f98]" started-at="2023-06-13T16:49:18 IST" name="removeItems" finished-at="2023-06-13T16:49:19 IST" depends-on-methods="businesscomponents.NewTest.gotoCart" duration-ms="1150" status="PASS">
          <reporter-output>
          </reporter-output>
        </test-method> <!-- removeItems -->
        <test-method signature="confirmOrder()[pri:0, instance:businesscomponents.NewTest@6bd61f98]" started-at="2023-06-13T16:49:19 IST" name="confirmOrder" finished-at="2023-06-13T16:49:25 IST" depends-on-methods="businesscomponents.NewTest.removeItems" duration-ms="5979" status="PASS">
          <reporter-output>
          </reporter-output>
        </test-method> <!-- confirmOrder -->
        <test-method signature="logoutFromSauceDemo()[pri:0, instance:businesscomponents.NewTest@6bd61f98]" started-at="2023-06-13T16:49:25 IST" name="logoutFromSauceDemo" finished-at="2023-06-13T16:49:28 IST" depends-on-methods="businesscomponents.NewTest.confirmOrder" duration-ms="2650" status="PASS">
          <reporter-output>
          </reporter-output>
        </test-method> <!-- logoutFromSauceDemo -->
        <test-method is-config="true" signature="afterClass()[pri:0, instance:businesscomponents.NewTest@6bd61f98]" started-at="2023-06-13T16:49:28 IST" name="afterClass" finished-at="2023-06-13T16:49:29 IST" duration-ms="1099" status="PASS">
          <reporter-output>
          </reporter-output>
        </test-method> <!-- afterClass -->
      </class> <!-- businesscomponents.NewTest -->
    </test> <!-- Default test -->
  </suite> <!-- Default suite -->
</testng-results>
